[0m18:56:51.658457 [debug] [MainThread]: Got an exception trying to initialize tracking


============================== 18:56:51.709885 | 0b735af8-10a7-4438-aa74-9e893b1affea ==============================
[0m18:56:51.709885 [info ] [MainThread]: Running with dbt=1.7.19
[0m18:56:51.709885 [debug] [MainThread]: running dbt with arguments {'printer_width': '80', 'indirect_selection': 'eager', 'log_cache_events': 'False', 'write_json': 'True', 'partial_parse': 'True', 'cache_selected_only': 'False', 'profiles_dir': 'C:\\Users\\Nick\\.dbt', 'debug': 'False', 'version_check': 'True', 'log_path': 'logs', 'warn_error': 'None', 'fail_fast': 'False', 'use_colors': 'True', 'use_experimental_parser': 'False', 'no_print': 'None', 'quiet': 'False', 'log_format': 'default', 'introspect': 'True', 'warn_error_options': 'WarnErrorOptions(include=[], exclude=[])', 'invocation_command': 'dbt init food_delivery', 'target_path': 'None', 'static_parser': 'True', 'send_anonymous_usage_stats': 'True'}
[0m18:56:51.711390 [debug] [MainThread]: Starter project path: C:\Users\Nick\OneDrive\Desktop\food_delivery_analytics\venv\Lib\site-packages\dbt\include\starter_project
[0m18:56:51.728410 [info ] [MainThread]: 
Your new dbt project "food_delivery" was created!

For more information on how to configure the profiles.yml file,
please consult the dbt documentation here:

  https://docs.getdbt.com/docs/configure-your-profile

One more thing:

Need help? Don't hesitate to reach out to us via GitHub issues or on Slack:

  https://community.getdbt.com/

Happy modeling!

[0m18:56:51.729413 [info ] [MainThread]: Setting up your profile.
[0m18:59:26.533229 [info ] [MainThread]: Profile food_delivery written to C:\Users\Nick\.dbt\profiles.yml using target's profile_template.yml and your supplied values. Run 'dbt debug' to validate the connection.
[0m18:59:26.534733 [debug] [MainThread]: Command `dbt init` succeeded at 18:59:26.534733 after 154.92 seconds
[0m18:59:26.534733 [debug] [MainThread]: Flushing usage events
[0m18:32:06.627884 [debug] [MainThread]: Got an exception trying to initialize tracking


============================== 18:32:06.693410 | 0f488533-9ecf-451e-898b-d445213086aa ==============================
[0m18:32:06.693410 [info ] [MainThread]: Running with dbt=1.7.19
[0m18:32:06.693410 [debug] [MainThread]: running dbt with arguments {'printer_width': '80', 'indirect_selection': 'eager', 'log_cache_events': 'False', 'write_json': 'True', 'partial_parse': 'True', 'cache_selected_only': 'False', 'profiles_dir': 'C:\\Users\\Nick\\.dbt', 'fail_fast': 'False', 'version_check': 'True', 'log_path': 'logs', 'debug': 'False', 'warn_error': 'None', 'use_colors': 'True', 'use_experimental_parser': 'False', 'no_print': 'None', 'quiet': 'False', 'warn_error_options': 'WarnErrorOptions(include=[], exclude=[])', 'invocation_command': 'dbt source freshness', 'log_format': 'default', 'static_parser': 'True', 'target_path': 'None', 'introspect': 'True', 'send_anonymous_usage_stats': 'True'}
[0m18:32:06.694411 [error] [MainThread]: Encountered an error:
Runtime Error
  No dbt_project.yml found at expected path C:\Users\Nick\OneDrive\Desktop\food_delivery_analytics\dbt_project.yml
  Verify that each entry within packages.yml (and their transitive dependencies) contains a file named dbt_project.yml
  
[0m18:32:06.694411 [debug] [MainThread]: Command `dbt source freshness` failed at 18:32:06.694411 after 0.11 seconds
[0m18:32:06.695411 [debug] [MainThread]: Flushing usage events
